CRITICAL - 2020-10-26 03:10:46 --> Unable to connect to the database.
#0 E:\xampp\htdocs\fispedia\vendor\codeigniter4\framework\system\Database\BaseConnection.php(646): CodeIgniter\Database\BaseConnection->initialize()
#1 E:\xampp\htdocs\fispedia\vendor\codeigniter4\framework\system\Database\BaseConnection.php(1548): CodeIgniter\Database\BaseConnection->query('SHOW TABLES FRO...')
#2 E:\xampp\htdocs\fispedia\vendor\codeigniter4\framework\system\Database\BaseConnection.php(1591): CodeIgniter\Database\BaseConnection->listTables()
#3 E:\xampp\htdocs\fispedia\vendor\codeigniter4\framework\system\Database\MigrationRunner.php(945): CodeIgniter\Database\BaseConnection->tableExists('migrations')
#4 E:\xampp\htdocs\fispedia\vendor\codeigniter4\framework\system\Database\MigrationRunner.php(193): CodeIgniter\Database\MigrationRunner->ensureTable()
#5 E:\xampp\htdocs\fispedia\vendor\codeigniter4\framework\system\Commands\Database\Migrate.php(128): CodeIgniter\Database\MigrationRunner->latest(NULL)
#6 E:\xampp\htdocs\fispedia\vendor\codeigniter4\framework\system\CLI\Commands.php(100): CodeIgniter\Commands\Database\Migrate->run(Array)
#7 E:\xampp\htdocs\fispedia\vendor\codeigniter4\framework\system\CLI\CommandRunner.php(107): CodeIgniter\CLI\Commands->run('migrate', Array)
#8 E:\xampp\htdocs\fispedia\vendor\codeigniter4\framework\system\CLI\CommandRunner.php(85): CodeIgniter\CLI\CommandRunner->index(Array)
#9 E:\xampp\htdocs\fispedia\vendor\codeigniter4\framework\system\CodeIgniter.php(914): CodeIgniter\CLI\CommandRunner->_remap('index', 'migrate')
#10 E:\xampp\htdocs\fispedia\vendor\codeigniter4\framework\system\CodeIgniter.php(404): CodeIgniter\CodeIgniter->runController(Object(CodeIgniter\CLI\CommandRunner))
#11 E:\xampp\htdocs\fispedia\vendor\codeigniter4\framework\system\CodeIgniter.php(312): CodeIgniter\CodeIgniter->handleRequest(NULL, Object(Config\Cache), false)
#12 E:\xampp\htdocs\fispedia\vendor\codeigniter4\framework\system\CLI\Console.php(86): CodeIgniter\CodeIgniter->run()
#13 E:\xampp\htdocs\fispedia\spark(57): CodeIgniter\CLI\Console->run()
#14 {main}
CRITICAL - 2020-10-26 03:14:41 --> Unable to connect to the database.
#0 E:\xampp\htdocs\fispedia\vendor\codeigniter4\framework\system\Database\BaseConnection.php(646): CodeIgniter\Database\BaseConnection->initialize()
#1 E:\xampp\htdocs\fispedia\vendor\codeigniter4\framework\system\Database\BaseConnection.php(1548): CodeIgniter\Database\BaseConnection->query('SHOW TABLES FRO...')
#2 E:\xampp\htdocs\fispedia\vendor\codeigniter4\framework\system\Database\BaseConnection.php(1591): CodeIgniter\Database\BaseConnection->listTables()
#3 E:\xampp\htdocs\fispedia\vendor\codeigniter4\framework\system\Database\MigrationRunner.php(945): CodeIgniter\Database\BaseConnection->tableExists('migrations')
#4 E:\xampp\htdocs\fispedia\vendor\codeigniter4\framework\system\Database\MigrationRunner.php(193): CodeIgniter\Database\MigrationRunner->ensureTable()
#5 E:\xampp\htdocs\fispedia\vendor\codeigniter4\framework\system\Commands\Database\Migrate.php(128): CodeIgniter\Database\MigrationRunner->latest(NULL)
#6 E:\xampp\htdocs\fispedia\vendor\codeigniter4\framework\system\CLI\Commands.php(100): CodeIgniter\Commands\Database\Migrate->run(Array)
#7 E:\xampp\htdocs\fispedia\vendor\codeigniter4\framework\system\CLI\CommandRunner.php(107): CodeIgniter\CLI\Commands->run('migrate', Array)
#8 E:\xampp\htdocs\fispedia\vendor\codeigniter4\framework\system\CLI\CommandRunner.php(85): CodeIgniter\CLI\CommandRunner->index(Array)
#9 E:\xampp\htdocs\fispedia\vendor\codeigniter4\framework\system\CodeIgniter.php(914): CodeIgniter\CLI\CommandRunner->_remap('index', 'migrate')
#10 E:\xampp\htdocs\fispedia\vendor\codeigniter4\framework\system\CodeIgniter.php(404): CodeIgniter\CodeIgniter->runController(Object(CodeIgniter\CLI\CommandRunner))
#11 E:\xampp\htdocs\fispedia\vendor\codeigniter4\framework\system\CodeIgniter.php(312): CodeIgniter\CodeIgniter->handleRequest(NULL, Object(Config\Cache), false)
#12 E:\xampp\htdocs\fispedia\vendor\codeigniter4\framework\system\CLI\Console.php(86): CodeIgniter\CodeIgniter->run()
#13 E:\xampp\htdocs\fispedia\spark(57): CodeIgniter\CLI\Console->run()
#14 {main}
CRITICAL - 2020-10-26 03:16:09 --> Unable to connect to the database.
#0 E:\xampp\htdocs\fispedia\vendor\codeigniter4\framework\system\Database\Database.php(109): CodeIgniter\Database\BaseConnection->initialize()
#1 E:\xampp\htdocs\fispedia\vendor\codeigniter4\framework\system\Database\Config.php(148): CodeIgniter\Database\Database->loadForge(Object(CodeIgniter\Database\SQLite3\Connection))
#2 E:\xampp\htdocs\fispedia\vendor\codeigniter4\framework\system\Database\Migration.php(78): CodeIgniter\Database\Config::forge('tests')
#3 E:\xampp\htdocs\fispedia\vendor\codeigniter4\framework\system\Database\MigrationRunner.php(1026): CodeIgniter\Database\Migration->__construct()
#4 E:\xampp\htdocs\fispedia\vendor\codeigniter4\framework\system\Database\MigrationRunner.php(223): CodeIgniter\Database\MigrationRunner->migrate('up', Object(stdClass))
#5 E:\xampp\htdocs\fispedia\vendor\codeigniter4\framework\system\Commands\Database\Migrate.php(128): CodeIgniter\Database\MigrationRunner->latest(NULL)
#6 E:\xampp\htdocs\fispedia\vendor\codeigniter4\framework\system\CLI\Commands.php(100): CodeIgniter\Commands\Database\Migrate->run(Array)
#7 E:\xampp\htdocs\fispedia\vendor\codeigniter4\framework\system\CLI\CommandRunner.php(107): CodeIgniter\CLI\Commands->run('migrate', Array)
#8 E:\xampp\htdocs\fispedia\vendor\codeigniter4\framework\system\CLI\CommandRunner.php(85): CodeIgniter\CLI\CommandRunner->index(Array)
#9 E:\xampp\htdocs\fispedia\vendor\codeigniter4\framework\system\CodeIgniter.php(914): CodeIgniter\CLI\CommandRunner->_remap('index', 'migrate')
#10 E:\xampp\htdocs\fispedia\vendor\codeigniter4\framework\system\CodeIgniter.php(404): CodeIgniter\CodeIgniter->runController(Object(CodeIgniter\CLI\CommandRunner))
#11 E:\xampp\htdocs\fispedia\vendor\codeigniter4\framework\system\CodeIgniter.php(312): CodeIgniter\CodeIgniter->handleRequest(NULL, Object(Config\Cache), false)
#12 E:\xampp\htdocs\fispedia\vendor\codeigniter4\framework\system\CLI\Console.php(86): CodeIgniter\CodeIgniter->run()
#13 E:\xampp\htdocs\fispedia\spark(57): CodeIgniter\CLI\Console->run()
#14 {main}
CRITICAL - 2020-10-26 03:28:50 --> Invalid file: layout/template.php
#0 E:\xampp\htdocs\fispedia\vendor\codeigniter4\framework\system\View\View.php(228): CodeIgniter\Exceptions\FrameworkException::forInvalidFile('layout/template...')
#1 E:\xampp\htdocs\fispedia\vendor\codeigniter4\framework\system\View\View.php(257): CodeIgniter\View\View->render('layout/template', Array, true)
#2 E:\xampp\htdocs\fispedia\vendor\codeigniter4\framework\system\Common.php(1119): CodeIgniter\View\View->render('front/home', Array, true)
#3 E:\xampp\htdocs\fispedia\app\Controllers\Home.php(9): view('front/home')
#4 E:\xampp\htdocs\fispedia\vendor\codeigniter4\framework\system\CodeIgniter.php(918): App\Controllers\Home->index()
#5 E:\xampp\htdocs\fispedia\vendor\codeigniter4\framework\system\CodeIgniter.php(404): CodeIgniter\CodeIgniter->runController(Object(App\Controllers\Home))
#6 E:\xampp\htdocs\fispedia\vendor\codeigniter4\framework\system\CodeIgniter.php(312): CodeIgniter\CodeIgniter->handleRequest(NULL, Object(Config\Cache), false)
#7 E:\xampp\htdocs\fispedia\public\index.php(45): CodeIgniter\CodeIgniter->run()
#8 E:\xampp\htdocs\fispedia\vendor\codeigniter4\framework\system\Commands\Server\rewrite.php(34): require_once('E:\\xampp\\htdocs...')
#9 {main}
CRITICAL - 2020-10-26 03:29:11 --> Invalid file: layout/template.php
#0 E:\xampp\htdocs\fispedia\vendor\codeigniter4\framework\system\View\View.php(228): CodeIgniter\Exceptions\FrameworkException::forInvalidFile('layout/template...')
#1 E:\xampp\htdocs\fispedia\vendor\codeigniter4\framework\system\View\View.php(257): CodeIgniter\View\View->render('layout/template', Array, true)
#2 E:\xampp\htdocs\fispedia\vendor\codeigniter4\framework\system\Common.php(1119): CodeIgniter\View\View->render('front/home', Array, true)
#3 E:\xampp\htdocs\fispedia\app\Controllers\Home.php(9): view('front/home')
#4 E:\xampp\htdocs\fispedia\vendor\codeigniter4\framework\system\CodeIgniter.php(918): App\Controllers\Home->index()
#5 E:\xampp\htdocs\fispedia\vendor\codeigniter4\framework\system\CodeIgniter.php(404): CodeIgniter\CodeIgniter->runController(Object(App\Controllers\Home))
#6 E:\xampp\htdocs\fispedia\vendor\codeigniter4\framework\system\CodeIgniter.php(312): CodeIgniter\CodeIgniter->handleRequest(NULL, Object(Config\Cache), false)
#7 E:\xampp\htdocs\fispedia\public\index.php(45): CodeIgniter\CodeIgniter->run()
#8 E:\xampp\htdocs\fispedia\vendor\codeigniter4\framework\system\Commands\Server\rewrite.php(34): require_once('E:\\xampp\\htdocs...')
#9 {main}
CRITICAL - 2020-10-26 03:29:12 --> Invalid file: layout/template.php
#0 E:\xampp\htdocs\fispedia\vendor\codeigniter4\framework\system\View\View.php(228): CodeIgniter\Exceptions\FrameworkException::forInvalidFile('layout/template...')
#1 E:\xampp\htdocs\fispedia\vendor\codeigniter4\framework\system\View\View.php(257): CodeIgniter\View\View->render('layout/template', Array, true)
#2 E:\xampp\htdocs\fispedia\vendor\codeigniter4\framework\system\Common.php(1119): CodeIgniter\View\View->render('front/home', Array, true)
#3 E:\xampp\htdocs\fispedia\app\Controllers\Home.php(9): view('front/home')
#4 E:\xampp\htdocs\fispedia\vendor\codeigniter4\framework\system\CodeIgniter.php(918): App\Controllers\Home->index()
#5 E:\xampp\htdocs\fispedia\vendor\codeigniter4\framework\system\CodeIgniter.php(404): CodeIgniter\CodeIgniter->runController(Object(App\Controllers\Home))
#6 E:\xampp\htdocs\fispedia\vendor\codeigniter4\framework\system\CodeIgniter.php(312): CodeIgniter\CodeIgniter->handleRequest(NULL, Object(Config\Cache), false)
#7 E:\xampp\htdocs\fispedia\public\index.php(45): CodeIgniter\CodeIgniter->run()
#8 E:\xampp\htdocs\fispedia\vendor\codeigniter4\framework\system\Commands\Server\rewrite.php(34): require_once('E:\\xampp\\htdocs...')
#9 {main}
CRITICAL - 2020-10-26 03:52:00 --> Undefined variable: title
#0 E:\xampp\htdocs\fispedia\app\Views\front\layout\template.php(7): CodeIgniter\Debug\Exceptions->errorHandler(8, 'Undefined varia...', 'E:\\xampp\\htdocs...', 7, Array)
#1 E:\xampp\htdocs\fispedia\vendor\codeigniter4\framework\system\View\View.php(246): include('E:\\xampp\\htdocs...')
#2 E:\xampp\htdocs\fispedia\vendor\codeigniter4\framework\system\View\View.php(257): CodeIgniter\View\View->render('front/layout/te...', Array, true)
#3 E:\xampp\htdocs\fispedia\vendor\codeigniter4\framework\system\Common.php(1119): CodeIgniter\View\View->render('front/tentangka...', Array, true)
#4 E:\xampp\htdocs\fispedia\app\Controllers\Home.php(22): view('front/tentangka...')
#5 E:\xampp\htdocs\fispedia\vendor\codeigniter4\framework\system\CodeIgniter.php(918): App\Controllers\Home->tentangkami()
#6 E:\xampp\htdocs\fispedia\vendor\codeigniter4\framework\system\CodeIgniter.php(404): CodeIgniter\CodeIgniter->runController(Object(App\Controllers\Home))
#7 E:\xampp\htdocs\fispedia\vendor\codeigniter4\framework\system\CodeIgniter.php(312): CodeIgniter\CodeIgniter->handleRequest(NULL, Object(Config\Cache), false)
#8 E:\xampp\htdocs\fispedia\public\index.php(45): CodeIgniter\CodeIgniter->run()
#9 E:\xampp\htdocs\fispedia\vendor\codeigniter4\framework\system\Commands\Server\rewrite.php(34): require_once('E:\\xampp\\htdocs...')
#10 {main}
CRITICAL - 2020-10-26 03:52:03 --> Undefined variable: title
#0 E:\xampp\htdocs\fispedia\app\Views\front\layout\template.php(7): CodeIgniter\Debug\Exceptions->errorHandler(8, 'Undefined varia...', 'E:\\xampp\\htdocs...', 7, Array)
#1 E:\xampp\htdocs\fispedia\vendor\codeigniter4\framework\system\View\View.php(246): include('E:\\xampp\\htdocs...')
#2 E:\xampp\htdocs\fispedia\vendor\codeigniter4\framework\system\View\View.php(257): CodeIgniter\View\View->render('front/layout/te...', Array, true)
#3 E:\xampp\htdocs\fispedia\vendor\codeigniter4\framework\system\Common.php(1119): CodeIgniter\View\View->render('front/kontak', Array, true)
#4 E:\xampp\htdocs\fispedia\app\Controllers\Home.php(39): view('front/kontak')
#5 E:\xampp\htdocs\fispedia\vendor\codeigniter4\framework\system\CodeIgniter.php(918): App\Controllers\Home->kontak()
#6 E:\xampp\htdocs\fispedia\vendor\codeigniter4\framework\system\CodeIgniter.php(404): CodeIgniter\CodeIgniter->runController(Object(App\Controllers\Home))
#7 E:\xampp\htdocs\fispedia\vendor\codeigniter4\framework\system\CodeIgniter.php(312): CodeIgniter\CodeIgniter->handleRequest(NULL, Object(Config\Cache), false)
#8 E:\xampp\htdocs\fispedia\public\index.php(45): CodeIgniter\CodeIgniter->run()
#9 E:\xampp\htdocs\fispedia\vendor\codeigniter4\framework\system\Commands\Server\rewrite.php(34): require_once('E:\\xampp\\htdocs...')
#10 {main}
CRITICAL - 2020-10-26 03:52:17 --> Undefined variable: title
#0 E:\xampp\htdocs\fispedia\app\Views\front\layout\template.php(7): CodeIgniter\Debug\Exceptions->errorHandler(8, 'Undefined varia...', 'E:\\xampp\\htdocs...', 7, Array)
#1 E:\xampp\htdocs\fispedia\vendor\codeigniter4\framework\system\View\View.php(246): include('E:\\xampp\\htdocs...')
#2 E:\xampp\htdocs\fispedia\vendor\codeigniter4\framework\system\View\View.php(257): CodeIgniter\View\View->render('front/layout/te...', Array, true)
#3 E:\xampp\htdocs\fispedia\vendor\codeigniter4\framework\system\Common.php(1119): CodeIgniter\View\View->render('front/kontak', Array, true)
#4 E:\xampp\htdocs\fispedia\app\Controllers\Home.php(39): view('front/kontak')
#5 E:\xampp\htdocs\fispedia\vendor\codeigniter4\framework\system\CodeIgniter.php(918): App\Controllers\Home->kontak()
#6 E:\xampp\htdocs\fispedia\vendor\codeigniter4\framework\system\CodeIgniter.php(404): CodeIgniter\CodeIgniter->runController(Object(App\Controllers\Home))
#7 E:\xampp\htdocs\fispedia\vendor\codeigniter4\framework\system\CodeIgniter.php(312): CodeIgniter\CodeIgniter->handleRequest(NULL, Object(Config\Cache), false)
#8 E:\xampp\htdocs\fispedia\public\index.php(45): CodeIgniter\CodeIgniter->run()
#9 E:\xampp\htdocs\fispedia\vendor\codeigniter4\framework\system\Commands\Server\rewrite.php(34): require_once('E:\\xampp\\htdocs...')
#10 {main}
