CRITICAL - 2020-10-28 00:01:31 --> syntax error, unexpected ')'
#0 C:\Users\USER\Desktop\project\fispedia\vendor\codeigniter4\framework\system\Autoloader\Autoloader.php(296): CodeIgniter\Autoloader\Autoloader->requireFile('C:\\Users\\USER\\D...')
#1 C:\Users\USER\Desktop\project\fispedia\vendor\codeigniter4\framework\system\Autoloader\Autoloader.php(258): CodeIgniter\Autoloader\Autoloader->loadInNamespace('App\\Commands\\Co...')
#2 [internal function]: CodeIgniter\Autoloader\Autoloader->loadClass('App\\Commands\\Co...')
#3 [internal function]: spl_autoload_call('App\\Commands\\Co...')
#4 C:\Users\USER\Desktop\project\fispedia\vendor\codeigniter4\framework\system\Autoloader\FileLocator.php(383): class_exists('\\App\\Commands\\C...')
#5 C:\Users\USER\Desktop\project\fispedia\vendor\codeigniter4\framework\system\CLI\Commands.php(142): CodeIgniter\Autoloader\FileLocator->findQualifiedNameFromPath('C:\\Users\\USER\\D...')
#6 C:\Users\USER\Desktop\project\fispedia\vendor\codeigniter4\framework\system\CLI\Commands.php(86): CodeIgniter\CLI\Commands->discoverCommands()
#7 C:\Users\USER\Desktop\project\fispedia\vendor\codeigniter4\framework\system\CLI\CommandRunner.php(107): CodeIgniter\CLI\Commands->run('controller:basi...', Array)
#8 C:\Users\USER\Desktop\project\fispedia\vendor\codeigniter4\framework\system\CLI\CommandRunner.php(85): CodeIgniter\CLI\CommandRunner->index(Array)
#9 C:\Users\USER\Desktop\project\fispedia\vendor\codeigniter4\framework\system\CodeIgniter.php(914): CodeIgniter\CLI\CommandRunner->_remap('index', 'controller:basi...')
#10 C:\Users\USER\Desktop\project\fispedia\vendor\codeigniter4\framework\system\CodeIgniter.php(404): CodeIgniter\CodeIgniter->runController(Object(CodeIgniter\CLI\CommandRunner))
#11 C:\Users\USER\Desktop\project\fispedia\vendor\codeigniter4\framework\system\CodeIgniter.php(312): CodeIgniter\CodeIgniter->handleRequest(NULL, Object(Config\Cache), false)
#12 C:\Users\USER\Desktop\project\fispedia\vendor\codeigniter4\framework\system\CLI\Console.php(86): CodeIgniter\CodeIgniter->run()
#13 C:\Users\USER\Desktop\project\fispedia\spark(57): CodeIgniter\CLI\Console->run()
#14 {main}
CRITICAL - 2020-10-28 01:11:02 --> Unable to connect to the database.
#0 C:\Users\USER\Desktop\project\fispedia\vendor\codeigniter4\framework\system\Database\Database.php(109): CodeIgniter\Database\BaseConnection->initialize()
#1 C:\Users\USER\Desktop\project\fispedia\vendor\codeigniter4\framework\system\Database\Config.php(148): CodeIgniter\Database\Database->loadForge(Object(CodeIgniter\Database\SQLite3\Connection))
#2 C:\Users\USER\Desktop\project\fispedia\vendor\codeigniter4\framework\system\Database\Migration.php(78): CodeIgniter\Database\Config::forge('tests')
#3 C:\Users\USER\Desktop\project\fispedia\vendor\codeigniter4\framework\system\Database\MigrationRunner.php(1026): CodeIgniter\Database\Migration->__construct()
#4 C:\Users\USER\Desktop\project\fispedia\vendor\codeigniter4\framework\system\Database\MigrationRunner.php(223): CodeIgniter\Database\MigrationRunner->migrate('up', Object(stdClass))
#5 C:\Users\USER\Desktop\project\fispedia\vendor\codeigniter4\framework\system\Commands\Database\Migrate.php(128): CodeIgniter\Database\MigrationRunner->latest(NULL)
#6 C:\Users\USER\Desktop\project\fispedia\vendor\codeigniter4\framework\system\CLI\Commands.php(100): CodeIgniter\Commands\Database\Migrate->run(Array)
#7 C:\Users\USER\Desktop\project\fispedia\vendor\codeigniter4\framework\system\CLI\CommandRunner.php(107): CodeIgniter\CLI\Commands->run('migrate', Array)
#8 C:\Users\USER\Desktop\project\fispedia\vendor\codeigniter4\framework\system\CLI\CommandRunner.php(85): CodeIgniter\CLI\CommandRunner->index(Array)
#9 C:\Users\USER\Desktop\project\fispedia\vendor\codeigniter4\framework\system\CodeIgniter.php(914): CodeIgniter\CLI\CommandRunner->_remap('index', 'migrate')
#10 C:\Users\USER\Desktop\project\fispedia\vendor\codeigniter4\framework\system\CodeIgniter.php(404): CodeIgniter\CodeIgniter->runController(Object(CodeIgniter\CLI\CommandRunner))
#11 C:\Users\USER\Desktop\project\fispedia\vendor\codeigniter4\framework\system\CodeIgniter.php(312): CodeIgniter\CodeIgniter->handleRequest(NULL, Object(Config\Cache), false)
#12 C:\Users\USER\Desktop\project\fispedia\vendor\codeigniter4\framework\system\CLI\Console.php(86): CodeIgniter\CodeIgniter->run()
#13 C:\Users\USER\Desktop\project\fispedia\spark(57): CodeIgniter\CLI\Console->run()
#14 {main}
CRITICAL - 2020-10-28 01:15:47 --> Unable to connect to the database.
#0 C:\Users\USER\Desktop\project\fispedia\vendor\codeigniter4\framework\system\Database\Database.php(109): CodeIgniter\Database\BaseConnection->initialize()
#1 C:\Users\USER\Desktop\project\fispedia\vendor\codeigniter4\framework\system\Database\Config.php(148): CodeIgniter\Database\Database->loadForge(Object(CodeIgniter\Database\SQLite3\Connection))
#2 C:\Users\USER\Desktop\project\fispedia\vendor\codeigniter4\framework\system\Database\Migration.php(78): CodeIgniter\Database\Config::forge('tests')
#3 C:\Users\USER\Desktop\project\fispedia\vendor\codeigniter4\framework\system\Database\MigrationRunner.php(1026): CodeIgniter\Database\Migration->__construct()
#4 C:\Users\USER\Desktop\project\fispedia\vendor\codeigniter4\framework\system\Database\MigrationRunner.php(223): CodeIgniter\Database\MigrationRunner->migrate('up', Object(stdClass))
#5 C:\Users\USER\Desktop\project\fispedia\vendor\codeigniter4\framework\system\Commands\Database\Migrate.php(128): CodeIgniter\Database\MigrationRunner->latest(NULL)
#6 C:\Users\USER\Desktop\project\fispedia\vendor\codeigniter4\framework\system\CLI\Commands.php(100): CodeIgniter\Commands\Database\Migrate->run(Array)
#7 C:\Users\USER\Desktop\project\fispedia\vendor\codeigniter4\framework\system\CLI\CommandRunner.php(107): CodeIgniter\CLI\Commands->run('migrate', Array)
#8 C:\Users\USER\Desktop\project\fispedia\vendor\codeigniter4\framework\system\CLI\CommandRunner.php(85): CodeIgniter\CLI\CommandRunner->index(Array)
#9 C:\Users\USER\Desktop\project\fispedia\vendor\codeigniter4\framework\system\CodeIgniter.php(914): CodeIgniter\CLI\CommandRunner->_remap('index', 'migrate')
#10 C:\Users\USER\Desktop\project\fispedia\vendor\codeigniter4\framework\system\CodeIgniter.php(404): CodeIgniter\CodeIgniter->runController(Object(CodeIgniter\CLI\CommandRunner))
#11 C:\Users\USER\Desktop\project\fispedia\vendor\codeigniter4\framework\system\CodeIgniter.php(312): CodeIgniter\CodeIgniter->handleRequest(NULL, Object(Config\Cache), false)
#12 C:\Users\USER\Desktop\project\fispedia\vendor\codeigniter4\framework\system\CLI\Console.php(86): CodeIgniter\CodeIgniter->run()
#13 C:\Users\USER\Desktop\project\fispedia\spark(57): CodeIgniter\CLI\Console->run()
#14 {main}
CRITICAL - 2020-10-28 01:16:12 --> Unable to connect to the database.
#0 C:\Users\USER\Desktop\project\fispedia\vendor\codeigniter4\framework\system\Database\Database.php(109): CodeIgniter\Database\BaseConnection->initialize()
#1 C:\Users\USER\Desktop\project\fispedia\vendor\codeigniter4\framework\system\Database\Config.php(148): CodeIgniter\Database\Database->loadForge(Object(CodeIgniter\Database\SQLite3\Connection))
#2 C:\Users\USER\Desktop\project\fispedia\vendor\codeigniter4\framework\system\Database\Migration.php(78): CodeIgniter\Database\Config::forge('tests')
#3 C:\Users\USER\Desktop\project\fispedia\vendor\codeigniter4\framework\system\Database\MigrationRunner.php(1026): CodeIgniter\Database\Migration->__construct()
#4 C:\Users\USER\Desktop\project\fispedia\vendor\codeigniter4\framework\system\Database\MigrationRunner.php(223): CodeIgniter\Database\MigrationRunner->migrate('up', Object(stdClass))
#5 C:\Users\USER\Desktop\project\fispedia\vendor\codeigniter4\framework\system\Commands\Database\Migrate.php(128): CodeIgniter\Database\MigrationRunner->latest(NULL)
#6 C:\Users\USER\Desktop\project\fispedia\vendor\codeigniter4\framework\system\CLI\Commands.php(100): CodeIgniter\Commands\Database\Migrate->run(Array)
#7 C:\Users\USER\Desktop\project\fispedia\vendor\codeigniter4\framework\system\CLI\CommandRunner.php(107): CodeIgniter\CLI\Commands->run('migrate', Array)
#8 C:\Users\USER\Desktop\project\fispedia\vendor\codeigniter4\framework\system\CLI\CommandRunner.php(85): CodeIgniter\CLI\CommandRunner->index(Array)
#9 C:\Users\USER\Desktop\project\fispedia\vendor\codeigniter4\framework\system\CodeIgniter.php(914): CodeIgniter\CLI\CommandRunner->_remap('index', 'migrate')
#10 C:\Users\USER\Desktop\project\fispedia\vendor\codeigniter4\framework\system\CodeIgniter.php(404): CodeIgniter\CodeIgniter->runController(Object(CodeIgniter\CLI\CommandRunner))
#11 C:\Users\USER\Desktop\project\fispedia\vendor\codeigniter4\framework\system\CodeIgniter.php(312): CodeIgniter\CodeIgniter->handleRequest(NULL, Object(Config\Cache), false)
#12 C:\Users\USER\Desktop\project\fispedia\vendor\codeigniter4\framework\system\CLI\Console.php(86): CodeIgniter\CodeIgniter->run()
#13 C:\Users\USER\Desktop\project\fispedia\spark(57): CodeIgniter\CLI\Console->run()
#14 {main}
CRITICAL - 2020-10-28 01:20:04 --> Undefined offset: 0
#0 C:\Users\USER\Desktop\project\fispedia\app\Commands\ControlerBasic.php(13): CodeIgniter\Debug\Exceptions->errorHandler(8, 'Undefined offse...', 'C:\\Users\\USER\\D...', 13, Array)
#1 C:\Users\USER\Desktop\project\fispedia\vendor\codeigniter4\framework\system\CLI\Commands.php(100): App\Commands\ControlerBasic->run(Array)
#2 C:\Users\USER\Desktop\project\fispedia\vendor\codeigniter4\framework\system\CLI\CommandRunner.php(107): CodeIgniter\CLI\Commands->run('controller:basi...', Array)
#3 C:\Users\USER\Desktop\project\fispedia\vendor\codeigniter4\framework\system\CLI\CommandRunner.php(85): CodeIgniter\CLI\CommandRunner->index(Array)
#4 C:\Users\USER\Desktop\project\fispedia\vendor\codeigniter4\framework\system\CodeIgniter.php(914): CodeIgniter\CLI\CommandRunner->_remap('index', 'controller:basi...')
#5 C:\Users\USER\Desktop\project\fispedia\vendor\codeigniter4\framework\system\CodeIgniter.php(404): CodeIgniter\CodeIgniter->runController(Object(CodeIgniter\CLI\CommandRunner))
#6 C:\Users\USER\Desktop\project\fispedia\vendor\codeigniter4\framework\system\CodeIgniter.php(312): CodeIgniter\CodeIgniter->handleRequest(NULL, Object(Config\Cache), false)
#7 C:\Users\USER\Desktop\project\fispedia\vendor\codeigniter4\framework\system\CLI\Console.php(86): CodeIgniter\CodeIgniter->run()
#8 C:\Users\USER\Desktop\project\fispedia\spark(57): CodeIgniter\CLI\Console->run()
#9 {main}
CRITICAL - 2020-10-28 01:20:11 --> Undefined offset: 0
#0 C:\Users\USER\Desktop\project\fispedia\app\Commands\ControlerBasic.php(13): CodeIgniter\Debug\Exceptions->errorHandler(8, 'Undefined offse...', 'C:\\Users\\USER\\D...', 13, Array)
#1 C:\Users\USER\Desktop\project\fispedia\vendor\codeigniter4\framework\system\CLI\Commands.php(100): App\Commands\ControlerBasic->run(Array)
#2 C:\Users\USER\Desktop\project\fispedia\vendor\codeigniter4\framework\system\CLI\CommandRunner.php(107): CodeIgniter\CLI\Commands->run('controller:basi...', Array)
#3 C:\Users\USER\Desktop\project\fispedia\vendor\codeigniter4\framework\system\CLI\CommandRunner.php(85): CodeIgniter\CLI\CommandRunner->index(Array)
#4 C:\Users\USER\Desktop\project\fispedia\vendor\codeigniter4\framework\system\CodeIgniter.php(914): CodeIgniter\CLI\CommandRunner->_remap('index', 'controller:basi...')
#5 C:\Users\USER\Desktop\project\fispedia\vendor\codeigniter4\framework\system\CodeIgniter.php(404): CodeIgniter\CodeIgniter->runController(Object(CodeIgniter\CLI\CommandRunner))
#6 C:\Users\USER\Desktop\project\fispedia\vendor\codeigniter4\framework\system\CodeIgniter.php(312): CodeIgniter\CodeIgniter->handleRequest(NULL, Object(Config\Cache), false)
#7 C:\Users\USER\Desktop\project\fispedia\vendor\codeigniter4\framework\system\CLI\Console.php(86): CodeIgniter\CodeIgniter->run()
#8 C:\Users\USER\Desktop\project\fispedia\spark(57): CodeIgniter\CLI\Console->run()
#9 {main}
CRITICAL - 2020-10-28 01:33:26 --> You have an error in your SQL syntax; check the manual that corresponds to your MariaDB server version for the right syntax to use near '' at line 1
#0 C:\Users\USER\Desktop\project\fispedia\vendor\codeigniter4\framework\system\Database\MySQLi\Connection.php(331): mysqli->query('SHOW COLUMNS FR...')
#1 C:\Users\USER\Desktop\project\fispedia\vendor\codeigniter4\framework\system\Database\BaseConnection.php(741): CodeIgniter\Database\MySQLi\Connection->execute('SHOW COLUMNS FR...')
#2 C:\Users\USER\Desktop\project\fispedia\vendor\codeigniter4\framework\system\Database\BaseConnection.php(669): CodeIgniter\Database\BaseConnection->simpleQuery('SHOW COLUMNS FR...')
#3 C:\Users\USER\Desktop\project\fispedia\app\Commands\ControlerBasic.php(20): CodeIgniter\Database\BaseConnection->query('SHOW COLUMNS FR...')
#4 C:\Users\USER\Desktop\project\fispedia\vendor\codeigniter4\framework\system\CLI\Commands.php(100): App\Commands\ControlerBasic->run(Array)
#5 C:\Users\USER\Desktop\project\fispedia\vendor\codeigniter4\framework\system\CLI\CommandRunner.php(107): CodeIgniter\CLI\Commands->run('controller:basi...', Array)
#6 C:\Users\USER\Desktop\project\fispedia\vendor\codeigniter4\framework\system\CLI\CommandRunner.php(85): CodeIgniter\CLI\CommandRunner->index(Array)
#7 C:\Users\USER\Desktop\project\fispedia\vendor\codeigniter4\framework\system\CodeIgniter.php(914): CodeIgniter\CLI\CommandRunner->_remap('index', 'controller:basi...')
#8 C:\Users\USER\Desktop\project\fispedia\vendor\codeigniter4\framework\system\CodeIgniter.php(404): CodeIgniter\CodeIgniter->runController(Object(CodeIgniter\CLI\CommandRunner))
#9 C:\Users\USER\Desktop\project\fispedia\vendor\codeigniter4\framework\system\CodeIgniter.php(312): CodeIgniter\CodeIgniter->handleRequest(NULL, Object(Config\Cache), false)
#10 C:\Users\USER\Desktop\project\fispedia\vendor\codeigniter4\framework\system\CLI\Console.php(86): CodeIgniter\CodeIgniter->run()
#11 C:\Users\USER\Desktop\project\fispedia\spark(57): CodeIgniter\CLI\Console->run()
#12 {main}
CRITICAL - 2020-10-28 02:19:43 --> You have an error in your SQL syntax; check the manual that corresponds to your MariaDB server version for the right syntax to use near '' at line 1
#0 C:\Users\USER\Desktop\project\fispedia\vendor\codeigniter4\framework\system\Database\MySQLi\Connection.php(331): mysqli->query('SHOW COLUMNS FR...')
#1 C:\Users\USER\Desktop\project\fispedia\vendor\codeigniter4\framework\system\Database\BaseConnection.php(741): CodeIgniter\Database\MySQLi\Connection->execute('SHOW COLUMNS FR...')
#2 C:\Users\USER\Desktop\project\fispedia\vendor\codeigniter4\framework\system\Database\BaseConnection.php(669): CodeIgniter\Database\BaseConnection->simpleQuery('SHOW COLUMNS FR...')
#3 C:\Users\USER\Desktop\project\fispedia\app\Commands\ControlerBasic.php(20): CodeIgniter\Database\BaseConnection->query('SHOW COLUMNS FR...')
#4 C:\Users\USER\Desktop\project\fispedia\vendor\codeigniter4\framework\system\CLI\Commands.php(100): App\Commands\ControlerBasic->run(Array)
#5 C:\Users\USER\Desktop\project\fispedia\vendor\codeigniter4\framework\system\CLI\CommandRunner.php(107): CodeIgniter\CLI\Commands->run('controller:basi...', Array)
#6 C:\Users\USER\Desktop\project\fispedia\vendor\codeigniter4\framework\system\CLI\CommandRunner.php(85): CodeIgniter\CLI\CommandRunner->index(Array)
#7 C:\Users\USER\Desktop\project\fispedia\vendor\codeigniter4\framework\system\CodeIgniter.php(914): CodeIgniter\CLI\CommandRunner->_remap('index', 'controller:basi...')
#8 C:\Users\USER\Desktop\project\fispedia\vendor\codeigniter4\framework\system\CodeIgniter.php(404): CodeIgniter\CodeIgniter->runController(Object(CodeIgniter\CLI\CommandRunner))
#9 C:\Users\USER\Desktop\project\fispedia\vendor\codeigniter4\framework\system\CodeIgniter.php(312): CodeIgniter\CodeIgniter->handleRequest(NULL, Object(Config\Cache), false)
#10 C:\Users\USER\Desktop\project\fispedia\vendor\codeigniter4\framework\system\CLI\Console.php(86): CodeIgniter\CodeIgniter->run()
#11 C:\Users\USER\Desktop\project\fispedia\spark(57): CodeIgniter\CLI\Console->run()
#12 {main}
CRITICAL - 2020-10-28 02:20:34 --> You have an error in your SQL syntax; check the manual that corresponds to your MariaDB server version for the right syntax to use near '' at line 1
#0 C:\Users\USER\Desktop\project\fispedia\vendor\codeigniter4\framework\system\Database\MySQLi\Connection.php(331): mysqli->query('SHOW COLUMNS FR...')
#1 C:\Users\USER\Desktop\project\fispedia\vendor\codeigniter4\framework\system\Database\BaseConnection.php(741): CodeIgniter\Database\MySQLi\Connection->execute('SHOW COLUMNS FR...')
#2 C:\Users\USER\Desktop\project\fispedia\vendor\codeigniter4\framework\system\Database\BaseConnection.php(669): CodeIgniter\Database\BaseConnection->simpleQuery('SHOW COLUMNS FR...')
#3 C:\Users\USER\Desktop\project\fispedia\app\Commands\ControlerBasic.php(20): CodeIgniter\Database\BaseConnection->query('SHOW COLUMNS FR...')
#4 C:\Users\USER\Desktop\project\fispedia\vendor\codeigniter4\framework\system\CLI\Commands.php(100): App\Commands\ControlerBasic->run(Array)
#5 C:\Users\USER\Desktop\project\fispedia\vendor\codeigniter4\framework\system\CLI\CommandRunner.php(107): CodeIgniter\CLI\Commands->run('controller:basi...', Array)
#6 C:\Users\USER\Desktop\project\fispedia\vendor\codeigniter4\framework\system\CLI\CommandRunner.php(85): CodeIgniter\CLI\CommandRunner->index(Array)
#7 C:\Users\USER\Desktop\project\fispedia\vendor\codeigniter4\framework\system\CodeIgniter.php(914): CodeIgniter\CLI\CommandRunner->_remap('index', 'controller:basi...')
#8 C:\Users\USER\Desktop\project\fispedia\vendor\codeigniter4\framework\system\CodeIgniter.php(404): CodeIgniter\CodeIgniter->runController(Object(CodeIgniter\CLI\CommandRunner))
#9 C:\Users\USER\Desktop\project\fispedia\vendor\codeigniter4\framework\system\CodeIgniter.php(312): CodeIgniter\CodeIgniter->handleRequest(NULL, Object(Config\Cache), false)
#10 C:\Users\USER\Desktop\project\fispedia\vendor\codeigniter4\framework\system\CLI\Console.php(86): CodeIgniter\CodeIgniter->run()
#11 C:\Users\USER\Desktop\project\fispedia\spark(57): CodeIgniter\CLI\Console->run()
#12 {main}
CRITICAL - 2020-10-28 02:23:15 --> syntax error, unexpected 'contents' (T_STRING)
#0 C:\Users\USER\Desktop\project\fispedia\vendor\codeigniter4\framework\system\Autoloader\Autoloader.php(296): CodeIgniter\Autoloader\Autoloader->requireFile('C:\\Users\\USER\\D...')
#1 C:\Users\USER\Desktop\project\fispedia\vendor\codeigniter4\framework\system\Autoloader\Autoloader.php(258): CodeIgniter\Autoloader\Autoloader->loadInNamespace('App\\Commands\\Co...')
#2 [internal function]: CodeIgniter\Autoloader\Autoloader->loadClass('App\\Commands\\Co...')
#3 [internal function]: spl_autoload_call('App\\Commands\\Co...')
#4 C:\Users\USER\Desktop\project\fispedia\vendor\codeigniter4\framework\system\Autoloader\FileLocator.php(383): class_exists('\\App\\Commands\\C...')
#5 C:\Users\USER\Desktop\project\fispedia\vendor\codeigniter4\framework\system\CLI\Commands.php(142): CodeIgniter\Autoloader\FileLocator->findQualifiedNameFromPath('C:\\Users\\USER\\D...')
#6 C:\Users\USER\Desktop\project\fispedia\vendor\codeigniter4\framework\system\CLI\Commands.php(86): CodeIgniter\CLI\Commands->discoverCommands()
#7 C:\Users\USER\Desktop\project\fispedia\vendor\codeigniter4\framework\system\CLI\CommandRunner.php(107): CodeIgniter\CLI\Commands->run('controller:basi...', Array)
#8 C:\Users\USER\Desktop\project\fispedia\vendor\codeigniter4\framework\system\CLI\CommandRunner.php(85): CodeIgniter\CLI\CommandRunner->index(Array)
#9 C:\Users\USER\Desktop\project\fispedia\vendor\codeigniter4\framework\system\CodeIgniter.php(914): CodeIgniter\CLI\CommandRunner->_remap('index', 'controller:basi...', 'status')
#10 C:\Users\USER\Desktop\project\fispedia\vendor\codeigniter4\framework\system\CodeIgniter.php(404): CodeIgniter\CodeIgniter->runController(Object(CodeIgniter\CLI\CommandRunner))
#11 C:\Users\USER\Desktop\project\fispedia\vendor\codeigniter4\framework\system\CodeIgniter.php(312): CodeIgniter\CodeIgniter->handleRequest(NULL, Object(Config\Cache), false)
#12 C:\Users\USER\Desktop\project\fispedia\vendor\codeigniter4\framework\system\CLI\Console.php(86): CodeIgniter\CodeIgniter->run()
#13 C:\Users\USER\Desktop\project\fispedia\spark(57): CodeIgniter\CLI\Console->run()
#14 {main}
CRITICAL - 2020-10-28 02:23:29 --> fopen(/app/tmp/controller.tmp): failed to open stream: No such file or directory
#0 [internal function]: CodeIgniter\Debug\Exceptions->errorHandler(2, 'fopen(/app/tmp/...', 'C:\\Users\\USER\\D...', 29, Array)
#1 C:\Users\USER\Desktop\project\fispedia\app\Commands\ControlerBasic.php(29): fopen('/app/tmp/contro...', 'r')
#2 C:\Users\USER\Desktop\project\fispedia\vendor\codeigniter4\framework\system\CLI\Commands.php(100): App\Commands\ControlerBasic->run(Array)
#3 C:\Users\USER\Desktop\project\fispedia\vendor\codeigniter4\framework\system\CLI\CommandRunner.php(107): CodeIgniter\CLI\Commands->run('controller:basi...', Array)
#4 C:\Users\USER\Desktop\project\fispedia\vendor\codeigniter4\framework\system\CLI\CommandRunner.php(85): CodeIgniter\CLI\CommandRunner->index(Array)
#5 C:\Users\USER\Desktop\project\fispedia\vendor\codeigniter4\framework\system\CodeIgniter.php(914): CodeIgniter\CLI\CommandRunner->_remap('index', 'controller:basi...', 'status')
#6 C:\Users\USER\Desktop\project\fispedia\vendor\codeigniter4\framework\system\CodeIgniter.php(404): CodeIgniter\CodeIgniter->runController(Object(CodeIgniter\CLI\CommandRunner))
#7 C:\Users\USER\Desktop\project\fispedia\vendor\codeigniter4\framework\system\CodeIgniter.php(312): CodeIgniter\CodeIgniter->handleRequest(NULL, Object(Config\Cache), false)
#8 C:\Users\USER\Desktop\project\fispedia\vendor\codeigniter4\framework\system\CLI\Console.php(86): CodeIgniter\CodeIgniter->run()
#9 C:\Users\USER\Desktop\project\fispedia\spark(57): CodeIgniter\CLI\Console->run()
#10 {main}
CRITICAL - 2020-10-28 02:25:59 --> fopen() expects parameter 1 to be a valid path, array given
#0 [internal function]: CodeIgniter\Debug\Exceptions->errorHandler(2, 'fopen() expects...', 'C:\\Users\\USER\\D...', 30, Array)
#1 C:\Users\USER\Desktop\project\fispedia\app\Commands\ControlerBasic.php(30): fopen(Array, 'r')
#2 C:\Users\USER\Desktop\project\fispedia\vendor\codeigniter4\framework\system\CLI\Commands.php(100): App\Commands\ControlerBasic->run(Array)
#3 C:\Users\USER\Desktop\project\fispedia\vendor\codeigniter4\framework\system\CLI\CommandRunner.php(107): CodeIgniter\CLI\Commands->run('controller:basi...', Array)
#4 C:\Users\USER\Desktop\project\fispedia\vendor\codeigniter4\framework\system\CLI\CommandRunner.php(85): CodeIgniter\CLI\CommandRunner->index(Array)
#5 C:\Users\USER\Desktop\project\fispedia\vendor\codeigniter4\framework\system\CodeIgniter.php(914): CodeIgniter\CLI\CommandRunner->_remap('index', 'controller:basi...', 'status')
#6 C:\Users\USER\Desktop\project\fispedia\vendor\codeigniter4\framework\system\CodeIgniter.php(404): CodeIgniter\CodeIgniter->runController(Object(CodeIgniter\CLI\CommandRunner))
#7 C:\Users\USER\Desktop\project\fispedia\vendor\codeigniter4\framework\system\CodeIgniter.php(312): CodeIgniter\CodeIgniter->handleRequest(NULL, Object(Config\Cache), false)
#8 C:\Users\USER\Desktop\project\fispedia\vendor\codeigniter4\framework\system\CLI\Console.php(86): CodeIgniter\CodeIgniter->run()
#9 C:\Users\USER\Desktop\project\fispedia\spark(57): CodeIgniter\CLI\Console->run()
#10 {main}
