CRITICAL - 2020-11-04 00:55:41 --> Unable to connect to the database.
#0 C:\Users\USER\Desktop\project\fispedia\vendor\codeigniter4\framework\system\Database\Database.php(109): CodeIgniter\Database\BaseConnection->initialize()
#1 C:\Users\USER\Desktop\project\fispedia\vendor\codeigniter4\framework\system\Database\Config.php(148): CodeIgniter\Database\Database->loadForge(Object(CodeIgniter\Database\SQLite3\Connection))
#2 C:\Users\USER\Desktop\project\fispedia\vendor\codeigniter4\framework\system\Database\Migration.php(78): CodeIgniter\Database\Config::forge('tests')
#3 C:\Users\USER\Desktop\project\fispedia\vendor\codeigniter4\framework\system\Database\MigrationRunner.php(1026): CodeIgniter\Database\Migration->__construct()
#4 C:\Users\USER\Desktop\project\fispedia\vendor\codeigniter4\framework\system\Database\MigrationRunner.php(223): CodeIgniter\Database\MigrationRunner->migrate('up', Object(stdClass))
#5 C:\Users\USER\Desktop\project\fispedia\vendor\codeigniter4\framework\system\Commands\Database\Migrate.php(128): CodeIgniter\Database\MigrationRunner->latest(NULL)
#6 C:\Users\USER\Desktop\project\fispedia\vendor\codeigniter4\framework\system\CLI\Commands.php(100): CodeIgniter\Commands\Database\Migrate->run(Array)
#7 C:\Users\USER\Desktop\project\fispedia\vendor\codeigniter4\framework\system\CLI\CommandRunner.php(107): CodeIgniter\CLI\Commands->run('migrate', Array)
#8 C:\Users\USER\Desktop\project\fispedia\vendor\codeigniter4\framework\system\CLI\CommandRunner.php(85): CodeIgniter\CLI\CommandRunner->index(Array)
#9 C:\Users\USER\Desktop\project\fispedia\vendor\codeigniter4\framework\system\CodeIgniter.php(914): CodeIgniter\CLI\CommandRunner->_remap('index', 'migrate')
#10 C:\Users\USER\Desktop\project\fispedia\vendor\codeigniter4\framework\system\CodeIgniter.php(404): CodeIgniter\CodeIgniter->runController(Object(CodeIgniter\CLI\CommandRunner))
#11 C:\Users\USER\Desktop\project\fispedia\vendor\codeigniter4\framework\system\CodeIgniter.php(312): CodeIgniter\CodeIgniter->handleRequest(NULL, Object(Config\Cache), false)
#12 C:\Users\USER\Desktop\project\fispedia\vendor\codeigniter4\framework\system\CLI\Console.php(86): CodeIgniter\CodeIgniter->run()
#13 C:\Users\USER\Desktop\project\fispedia\spark(57): CodeIgniter\CLI\Console->run()
#14 {main}
CRITICAL - 2020-11-04 00:56:06 --> Unable to connect to the database.
#0 C:\Users\USER\Desktop\project\fispedia\vendor\codeigniter4\framework\system\Database\Database.php(109): CodeIgniter\Database\BaseConnection->initialize()
#1 C:\Users\USER\Desktop\project\fispedia\vendor\codeigniter4\framework\system\Database\Config.php(148): CodeIgniter\Database\Database->loadForge(Object(CodeIgniter\Database\SQLite3\Connection))
#2 C:\Users\USER\Desktop\project\fispedia\vendor\codeigniter4\framework\system\Database\Migration.php(78): CodeIgniter\Database\Config::forge('tests')
#3 C:\Users\USER\Desktop\project\fispedia\vendor\codeigniter4\framework\system\Database\MigrationRunner.php(1026): CodeIgniter\Database\Migration->__construct()
#4 C:\Users\USER\Desktop\project\fispedia\vendor\codeigniter4\framework\system\Database\MigrationRunner.php(223): CodeIgniter\Database\MigrationRunner->migrate('up', Object(stdClass))
#5 C:\Users\USER\Desktop\project\fispedia\vendor\codeigniter4\framework\system\Commands\Database\Migrate.php(128): CodeIgniter\Database\MigrationRunner->latest(NULL)
#6 C:\Users\USER\Desktop\project\fispedia\vendor\codeigniter4\framework\system\CLI\Commands.php(100): CodeIgniter\Commands\Database\Migrate->run(Array)
#7 C:\Users\USER\Desktop\project\fispedia\vendor\codeigniter4\framework\system\CLI\CommandRunner.php(107): CodeIgniter\CLI\Commands->run('migrate', Array)
#8 C:\Users\USER\Desktop\project\fispedia\vendor\codeigniter4\framework\system\CLI\CommandRunner.php(85): CodeIgniter\CLI\CommandRunner->index(Array)
#9 C:\Users\USER\Desktop\project\fispedia\vendor\codeigniter4\framework\system\CodeIgniter.php(914): CodeIgniter\CLI\CommandRunner->_remap('index', 'migrate')
#10 C:\Users\USER\Desktop\project\fispedia\vendor\codeigniter4\framework\system\CodeIgniter.php(404): CodeIgniter\CodeIgniter->runController(Object(CodeIgniter\CLI\CommandRunner))
#11 C:\Users\USER\Desktop\project\fispedia\vendor\codeigniter4\framework\system\CodeIgniter.php(312): CodeIgniter\CodeIgniter->handleRequest(NULL, Object(Config\Cache), false)
#12 C:\Users\USER\Desktop\project\fispedia\vendor\codeigniter4\framework\system\CLI\Console.php(86): CodeIgniter\CodeIgniter->run()
#13 C:\Users\USER\Desktop\project\fispedia\spark(57): CodeIgniter\CLI\Console->run()
#14 {main}
CRITICAL - 2020-11-04 00:57:28 --> Table 'ujian_online.status' doesn't exist
#0 C:\Users\USER\Desktop\project\fispedia\vendor\codeigniter4\framework\system\Database\MySQLi\Connection.php(331): mysqli->query('\r\n            S...')
#1 C:\Users\USER\Desktop\project\fispedia\vendor\codeigniter4\framework\system\Database\BaseConnection.php(741): CodeIgniter\Database\MySQLi\Connection->execute('\r\n            S...')
#2 C:\Users\USER\Desktop\project\fispedia\vendor\codeigniter4\framework\system\Database\BaseConnection.php(669): CodeIgniter\Database\BaseConnection->simpleQuery('\r\n            S...')
#3 C:\Users\USER\Desktop\project\fispedia\app\Controllers\Status.php(44): CodeIgniter\Database\BaseConnection->query('\r\n            S...')
#4 C:\Users\USER\Desktop\project\fispedia\vendor\codeigniter4\framework\system\CodeIgniter.php(918): App\Controllers\Status->json()
#5 C:\Users\USER\Desktop\project\fispedia\vendor\codeigniter4\framework\system\CodeIgniter.php(404): CodeIgniter\CodeIgniter->runController(Object(App\Controllers\Status))
#6 C:\Users\USER\Desktop\project\fispedia\vendor\codeigniter4\framework\system\CodeIgniter.php(312): CodeIgniter\CodeIgniter->handleRequest(NULL, Object(Config\Cache), false)
#7 C:\Users\USER\Desktop\project\fispedia\public\index.php(45): CodeIgniter\CodeIgniter->run()
#8 C:\Users\USER\Desktop\project\fispedia\vendor\codeigniter4\framework\system\Commands\Server\rewrite.php(34): require_once('C:\\Users\\USER\\D...')
#9 {main}
CRITICAL - 2020-11-04 00:57:33 --> Table 'ujian_online.status' doesn't exist
#0 C:\Users\USER\Desktop\project\fispedia\vendor\codeigniter4\framework\system\Database\MySQLi\Connection.php(331): mysqli->query('\r\n            S...')
#1 C:\Users\USER\Desktop\project\fispedia\vendor\codeigniter4\framework\system\Database\BaseConnection.php(741): CodeIgniter\Database\MySQLi\Connection->execute('\r\n            S...')
#2 C:\Users\USER\Desktop\project\fispedia\vendor\codeigniter4\framework\system\Database\BaseConnection.php(669): CodeIgniter\Database\BaseConnection->simpleQuery('\r\n            S...')
#3 C:\Users\USER\Desktop\project\fispedia\app\Controllers\Status.php(44): CodeIgniter\Database\BaseConnection->query('\r\n            S...')
#4 C:\Users\USER\Desktop\project\fispedia\vendor\codeigniter4\framework\system\CodeIgniter.php(918): App\Controllers\Status->json()
#5 C:\Users\USER\Desktop\project\fispedia\vendor\codeigniter4\framework\system\CodeIgniter.php(404): CodeIgniter\CodeIgniter->runController(Object(App\Controllers\Status))
#6 C:\Users\USER\Desktop\project\fispedia\vendor\codeigniter4\framework\system\CodeIgniter.php(312): CodeIgniter\CodeIgniter->handleRequest(NULL, Object(Config\Cache), false)
#7 C:\Users\USER\Desktop\project\fispedia\public\index.php(45): CodeIgniter\CodeIgniter->run()
#8 C:\Users\USER\Desktop\project\fispedia\vendor\codeigniter4\framework\system\Commands\Server\rewrite.php(34): require_once('C:\\Users\\USER\\D...')
#9 {main}
CRITICAL - 2020-11-04 01:01:04 --> You have an error in your SQL syntax; check the manual that corresponds to your MariaDB server version for the right syntax to use near '-pelajaran' at line 1
#0 C:\Users\USER\Desktop\project\fispedia\vendor\codeigniter4\framework\system\Database\MySQLi\Connection.php(331): mysqli->query('SHOW COLUMNS FR...')
#1 C:\Users\USER\Desktop\project\fispedia\vendor\codeigniter4\framework\system\Database\BaseConnection.php(741): CodeIgniter\Database\MySQLi\Connection->execute('SHOW COLUMNS FR...')
#2 C:\Users\USER\Desktop\project\fispedia\vendor\codeigniter4\framework\system\Database\BaseConnection.php(669): CodeIgniter\Database\BaseConnection->simpleQuery('SHOW COLUMNS FR...')
#3 C:\Users\USER\Desktop\project\fispedia\app\Commands\ControlerBasic.php(37): CodeIgniter\Database\BaseConnection->query('SHOW COLUMNS FR...')
#4 C:\Users\USER\Desktop\project\fispedia\vendor\codeigniter4\framework\system\CLI\Commands.php(100): App\Commands\ControlerBasic->run(Array)
#5 C:\Users\USER\Desktop\project\fispedia\vendor\codeigniter4\framework\system\CLI\CommandRunner.php(107): CodeIgniter\CLI\Commands->run('controller:basi...', Array)
#6 C:\Users\USER\Desktop\project\fispedia\vendor\codeigniter4\framework\system\CLI\CommandRunner.php(85): CodeIgniter\CLI\CommandRunner->index(Array)
#7 C:\Users\USER\Desktop\project\fispedia\vendor\codeigniter4\framework\system\CodeIgniter.php(914): CodeIgniter\CLI\CommandRunner->_remap('index', 'controller:basi...', 'mata-pelajaran', 'id', 'primary')
#8 C:\Users\USER\Desktop\project\fispedia\vendor\codeigniter4\framework\system\CodeIgniter.php(404): CodeIgniter\CodeIgniter->runController(Object(CodeIgniter\CLI\CommandRunner))
#9 C:\Users\USER\Desktop\project\fispedia\vendor\codeigniter4\framework\system\CodeIgniter.php(312): CodeIgniter\CodeIgniter->handleRequest(NULL, Object(Config\Cache), false)
#10 C:\Users\USER\Desktop\project\fispedia\vendor\codeigniter4\framework\system\CLI\Console.php(86): CodeIgniter\CodeIgniter->run()
#11 C:\Users\USER\Desktop\project\fispedia\spark(57): CodeIgniter\CLI\Console->run()
#12 {main}
CRITICAL - 2020-11-04 01:01:19 --> Table 'ujian_online.bank_soal' doesn't exist
#0 C:\Users\USER\Desktop\project\fispedia\vendor\codeigniter4\framework\system\Database\MySQLi\Connection.php(331): mysqli->query('SHOW COLUMNS FR...')
#1 C:\Users\USER\Desktop\project\fispedia\vendor\codeigniter4\framework\system\Database\BaseConnection.php(741): CodeIgniter\Database\MySQLi\Connection->execute('SHOW COLUMNS FR...')
#2 C:\Users\USER\Desktop\project\fispedia\vendor\codeigniter4\framework\system\Database\BaseConnection.php(669): CodeIgniter\Database\BaseConnection->simpleQuery('SHOW COLUMNS FR...')
#3 C:\Users\USER\Desktop\project\fispedia\app\Commands\ControlerBasic.php(37): CodeIgniter\Database\BaseConnection->query('SHOW COLUMNS FR...')
#4 C:\Users\USER\Desktop\project\fispedia\vendor\codeigniter4\framework\system\CLI\Commands.php(100): App\Commands\ControlerBasic->run(Array)
#5 C:\Users\USER\Desktop\project\fispedia\vendor\codeigniter4\framework\system\CLI\CommandRunner.php(107): CodeIgniter\CLI\Commands->run('controller:basi...', Array)
#6 C:\Users\USER\Desktop\project\fispedia\vendor\codeigniter4\framework\system\CLI\CommandRunner.php(85): CodeIgniter\CLI\CommandRunner->index(Array)
#7 C:\Users\USER\Desktop\project\fispedia\vendor\codeigniter4\framework\system\CodeIgniter.php(914): CodeIgniter\CLI\CommandRunner->_remap('index', 'controller:basi...', 'bank_soal', 'id', 'primary')
#8 C:\Users\USER\Desktop\project\fispedia\vendor\codeigniter4\framework\system\CodeIgniter.php(404): CodeIgniter\CodeIgniter->runController(Object(CodeIgniter\CLI\CommandRunner))
#9 C:\Users\USER\Desktop\project\fispedia\vendor\codeigniter4\framework\system\CodeIgniter.php(312): CodeIgniter\CodeIgniter->handleRequest(NULL, Object(Config\Cache), false)
#10 C:\Users\USER\Desktop\project\fispedia\vendor\codeigniter4\framework\system\CLI\Console.php(86): CodeIgniter\CodeIgniter->run()
#11 C:\Users\USER\Desktop\project\fispedia\spark(57): CodeIgniter\CLI\Console->run()
#12 {main}
CRITICAL - 2020-11-04 01:42:20 --> Unable to connect to the database.
#0 C:\Users\USER\Desktop\project\fispedia\vendor\codeigniter4\framework\system\Database\Database.php(109): CodeIgniter\Database\BaseConnection->initialize()
#1 C:\Users\USER\Desktop\project\fispedia\vendor\codeigniter4\framework\system\Database\Config.php(148): CodeIgniter\Database\Database->loadForge(Object(CodeIgniter\Database\SQLite3\Connection))
#2 C:\Users\USER\Desktop\project\fispedia\vendor\codeigniter4\framework\system\Database\Migration.php(78): CodeIgniter\Database\Config::forge('tests')
#3 C:\Users\USER\Desktop\project\fispedia\vendor\codeigniter4\framework\system\Database\MigrationRunner.php(1026): CodeIgniter\Database\Migration->__construct()
#4 C:\Users\USER\Desktop\project\fispedia\vendor\codeigniter4\framework\system\Database\MigrationRunner.php(223): CodeIgniter\Database\MigrationRunner->migrate('up', Object(stdClass))
#5 C:\Users\USER\Desktop\project\fispedia\vendor\codeigniter4\framework\system\Commands\Database\Migrate.php(128): CodeIgniter\Database\MigrationRunner->latest(NULL)
#6 C:\Users\USER\Desktop\project\fispedia\vendor\codeigniter4\framework\system\CLI\Commands.php(100): CodeIgniter\Commands\Database\Migrate->run(Array)
#7 C:\Users\USER\Desktop\project\fispedia\vendor\codeigniter4\framework\system\CLI\CommandRunner.php(107): CodeIgniter\CLI\Commands->run('migrate', Array)
#8 C:\Users\USER\Desktop\project\fispedia\vendor\codeigniter4\framework\system\CLI\CommandRunner.php(85): CodeIgniter\CLI\CommandRunner->index(Array)
#9 C:\Users\USER\Desktop\project\fispedia\vendor\codeigniter4\framework\system\CodeIgniter.php(914): CodeIgniter\CLI\CommandRunner->_remap('index', 'migrate')
#10 C:\Users\USER\Desktop\project\fispedia\vendor\codeigniter4\framework\system\CodeIgniter.php(404): CodeIgniter\CodeIgniter->runController(Object(CodeIgniter\CLI\CommandRunner))
#11 C:\Users\USER\Desktop\project\fispedia\vendor\codeigniter4\framework\system\CodeIgniter.php(312): CodeIgniter\CodeIgniter->handleRequest(NULL, Object(Config\Cache), false)
#12 C:\Users\USER\Desktop\project\fispedia\vendor\codeigniter4\framework\system\CLI\Console.php(86): CodeIgniter\CodeIgniter->run()
#13 C:\Users\USER\Desktop\project\fispedia\spark(57): CodeIgniter\CLI\Console->run()
#14 {main}
CRITICAL - 2020-11-04 02:18:48 --> Table 'ujian_online.type_' doesn't exist
#0 C:\Users\USER\Desktop\project\fispedia\vendor\codeigniter4\framework\system\Database\MySQLi\Connection.php(331): mysqli->query('SHOW COLUMNS FR...')
#1 C:\Users\USER\Desktop\project\fispedia\vendor\codeigniter4\framework\system\Database\BaseConnection.php(741): CodeIgniter\Database\MySQLi\Connection->execute('SHOW COLUMNS FR...')
#2 C:\Users\USER\Desktop\project\fispedia\vendor\codeigniter4\framework\system\Database\BaseConnection.php(669): CodeIgniter\Database\BaseConnection->simpleQuery('SHOW COLUMNS FR...')
#3 C:\Users\USER\Desktop\project\fispedia\app\Commands\ControlerBasic.php(37): CodeIgniter\Database\BaseConnection->query('SHOW COLUMNS FR...')
#4 C:\Users\USER\Desktop\project\fispedia\vendor\codeigniter4\framework\system\CLI\Commands.php(100): App\Commands\ControlerBasic->run(Array)
#5 C:\Users\USER\Desktop\project\fispedia\vendor\codeigniter4\framework\system\CLI\CommandRunner.php(107): CodeIgniter\CLI\Commands->run('controller:basi...', Array)
#6 C:\Users\USER\Desktop\project\fispedia\vendor\codeigniter4\framework\system\CLI\CommandRunner.php(85): CodeIgniter\CLI\CommandRunner->index(Array)
#7 C:\Users\USER\Desktop\project\fispedia\vendor\codeigniter4\framework\system\CodeIgniter.php(914): CodeIgniter\CLI\CommandRunner->_remap('index', 'controller:basi...', 'type_', 'status', 'id')
#8 C:\Users\USER\Desktop\project\fispedia\vendor\codeigniter4\framework\system\CodeIgniter.php(404): CodeIgniter\CodeIgniter->runController(Object(CodeIgniter\CLI\CommandRunner))
#9 C:\Users\USER\Desktop\project\fispedia\vendor\codeigniter4\framework\system\CodeIgniter.php(312): CodeIgniter\CodeIgniter->handleRequest(NULL, Object(Config\Cache), false)
#10 C:\Users\USER\Desktop\project\fispedia\vendor\codeigniter4\framework\system\CLI\Console.php(86): CodeIgniter\CodeIgniter->run()
#11 C:\Users\USER\Desktop\project\fispedia\spark(57): CodeIgniter\CLI\Console->run()
#12 {main}
CRITICAL - 2020-11-04 02:19:04 --> Undefined index: db
#0 C:\Users\USER\Desktop\project\fispedia\app\Models\Form.php(454): CodeIgniter\Debug\Exceptions->errorHandler(8, 'Undefined index...', 'C:\\Users\\USER\\D...', 454, Array)
#1 C:\Users\USER\Desktop\project\fispedia\app\Views\admin\banksoal\index.php(107): App\Models\Form::select_db(Array)
#2 C:\Users\USER\Desktop\project\fispedia\vendor\codeigniter4\framework\system\View\View.php(246): include('C:\\Users\\USER\\D...')
#3 C:\Users\USER\Desktop\project\fispedia\vendor\codeigniter4\framework\system\Common.php(1119): CodeIgniter\View\View->render('admin/banksoal/...', Array, true)
#4 C:\Users\USER\Desktop\project\fispedia\app\Controllers\Banksoal.php(87): view('admin/banksoal/...', Array)
#5 C:\Users\USER\Desktop\project\fispedia\vendor\codeigniter4\framework\system\CodeIgniter.php(918): App\Controllers\Banksoal->Index()
#6 C:\Users\USER\Desktop\project\fispedia\vendor\codeigniter4\framework\system\CodeIgniter.php(404): CodeIgniter\CodeIgniter->runController(Object(App\Controllers\Banksoal))
#7 C:\Users\USER\Desktop\project\fispedia\vendor\codeigniter4\framework\system\CodeIgniter.php(312): CodeIgniter\CodeIgniter->handleRequest(NULL, Object(Config\Cache), false)
#8 C:\Users\USER\Desktop\project\fispedia\public\index.php(45): CodeIgniter\CodeIgniter->run()
#9 C:\Users\USER\Desktop\project\fispedia\vendor\codeigniter4\framework\system\Commands\Server\rewrite.php(34): require_once('C:\\Users\\USER\\D...')
#10 {main}
CRITICAL - 2020-11-04 02:44:14 --> syntax error, unexpected '}'
#0 C:\Users\USER\Desktop\project\fispedia\vendor\codeigniter4\framework\system\Router\Router.php(195): CodeIgniter\Router\Router->autoRoute('banksoal')
#1 C:\Users\USER\Desktop\project\fispedia\vendor\codeigniter4\framework\system\CodeIgniter.php(793): CodeIgniter\Router\Router->handle('banksoal')
#2 C:\Users\USER\Desktop\project\fispedia\vendor\codeigniter4\framework\system\CodeIgniter.php(364): CodeIgniter\CodeIgniter->tryToRouteIt(Object(CodeIgniter\Router\RouteCollection))
#3 C:\Users\USER\Desktop\project\fispedia\vendor\codeigniter4\framework\system\CodeIgniter.php(312): CodeIgniter\CodeIgniter->handleRequest(NULL, Object(Config\Cache), false)
#4 C:\Users\USER\Desktop\project\fispedia\public\index.php(45): CodeIgniter\CodeIgniter->run()
#5 C:\Users\USER\Desktop\project\fispedia\vendor\codeigniter4\framework\system\Commands\Server\rewrite.php(34): require_once('C:\\Users\\USER\\D...')
#6 {main}
CRITICAL - 2020-11-04 02:44:25 --> Undefined index: file
#0 C:\Users\USER\Desktop\project\fispedia\app\Models\Form.php(57): CodeIgniter\Debug\Exceptions->errorHandler(8, 'Undefined index...', 'C:\\Users\\USER\\D...', 57, Array)
#1 C:\Users\USER\Desktop\project\fispedia\app\Controllers\Banksoal.php(80): App\Models\Form::getfile('file', 'mm')
#2 C:\Users\USER\Desktop\project\fispedia\vendor\codeigniter4\framework\system\CodeIgniter.php(918): App\Controllers\Banksoal->Index()
#3 C:\Users\USER\Desktop\project\fispedia\vendor\codeigniter4\framework\system\CodeIgniter.php(404): CodeIgniter\CodeIgniter->runController(Object(App\Controllers\Banksoal))
#4 C:\Users\USER\Desktop\project\fispedia\vendor\codeigniter4\framework\system\CodeIgniter.php(312): CodeIgniter\CodeIgniter->handleRequest(NULL, Object(Config\Cache), false)
#5 C:\Users\USER\Desktop\project\fispedia\public\index.php(45): CodeIgniter\CodeIgniter->run()
#6 C:\Users\USER\Desktop\project\fispedia\vendor\codeigniter4\framework\system\Commands\Server\rewrite.php(34): require_once('C:\\Users\\USER\\D...')
#7 {main}
CRITICAL - 2020-11-04 02:47:40 --> Undefined index: file
#0 C:\Users\USER\Desktop\project\fispedia\app\Models\Form.php(57): CodeIgniter\Debug\Exceptions->errorHandler(8, 'Undefined index...', 'C:\\Users\\USER\\D...', 57, Array)
#1 C:\Users\USER\Desktop\project\fispedia\app\Controllers\Banksoal.php(80): App\Models\Form::getfile('file', 'mm')
#2 C:\Users\USER\Desktop\project\fispedia\vendor\codeigniter4\framework\system\CodeIgniter.php(918): App\Controllers\Banksoal->Index()
#3 C:\Users\USER\Desktop\project\fispedia\vendor\codeigniter4\framework\system\CodeIgniter.php(404): CodeIgniter\CodeIgniter->runController(Object(App\Controllers\Banksoal))
#4 C:\Users\USER\Desktop\project\fispedia\vendor\codeigniter4\framework\system\CodeIgniter.php(312): CodeIgniter\CodeIgniter->handleRequest(NULL, Object(Config\Cache), false)
#5 C:\Users\USER\Desktop\project\fispedia\public\index.php(45): CodeIgniter\CodeIgniter->run()
#6 C:\Users\USER\Desktop\project\fispedia\vendor\codeigniter4\framework\system\Commands\Server\rewrite.php(34): require_once('C:\\Users\\USER\\D...')
#7 {main}
CRITICAL - 2020-11-04 02:51:10 --> Illegal offset type
#0 C:\Users\USER\Desktop\project\fispedia\app\Models\Form.php(58): CodeIgniter\Debug\Exceptions->errorHandler(2, 'Illegal offset ...', 'C:\\Users\\USER\\D...', 58, Array)
#1 C:\Users\USER\Desktop\project\fispedia\app\Controllers\Banksoal.php(80): App\Models\Form::getfile(Array, 'mm')
#2 C:\Users\USER\Desktop\project\fispedia\vendor\codeigniter4\framework\system\CodeIgniter.php(918): App\Controllers\Banksoal->Index()
#3 C:\Users\USER\Desktop\project\fispedia\vendor\codeigniter4\framework\system\CodeIgniter.php(404): CodeIgniter\CodeIgniter->runController(Object(App\Controllers\Banksoal))
#4 C:\Users\USER\Desktop\project\fispedia\vendor\codeigniter4\framework\system\CodeIgniter.php(312): CodeIgniter\CodeIgniter->handleRequest(NULL, Object(Config\Cache), false)
#5 C:\Users\USER\Desktop\project\fispedia\public\index.php(45): CodeIgniter\CodeIgniter->run()
#6 C:\Users\USER\Desktop\project\fispedia\vendor\codeigniter4\framework\system\Commands\Server\rewrite.php(34): require_once('C:\\Users\\USER\\D...')
#7 {main}
CRITICAL - 2020-11-04 02:54:27 --> Undefined offset: 0
#0 C:\Users\USER\Desktop\project\fispedia\app\Models\Form.php(72): CodeIgniter\Debug\Exceptions->errorHandler(8, 'Undefined offse...', 'C:\\Users\\USER\\D...', 72, Array)
#1 C:\Users\USER\Desktop\project\fispedia\app\Controllers\Banksoal.php(80): App\Models\Form::getfile(Array, 'mm')
#2 C:\Users\USER\Desktop\project\fispedia\vendor\codeigniter4\framework\system\CodeIgniter.php(918): App\Controllers\Banksoal->Index()
#3 C:\Users\USER\Desktop\project\fispedia\vendor\codeigniter4\framework\system\CodeIgniter.php(404): CodeIgniter\CodeIgniter->runController(Object(App\Controllers\Banksoal))
#4 C:\Users\USER\Desktop\project\fispedia\vendor\codeigniter4\framework\system\CodeIgniter.php(312): CodeIgniter\CodeIgniter->handleRequest(NULL, Object(Config\Cache), false)
#5 C:\Users\USER\Desktop\project\fispedia\public\index.php(45): CodeIgniter\CodeIgniter->run()
#6 C:\Users\USER\Desktop\project\fispedia\vendor\codeigniter4\framework\system\Commands\Server\rewrite.php(34): require_once('C:\\Users\\USER\\D...')
#7 {main}
CRITICAL - 2020-11-04 02:54:32 --> Undefined offset: 0
#0 C:\Users\USER\Desktop\project\fispedia\app\Models\Form.php(72): CodeIgniter\Debug\Exceptions->errorHandler(8, 'Undefined offse...', 'C:\\Users\\USER\\D...', 72, Array)
#1 C:\Users\USER\Desktop\project\fispedia\app\Controllers\Banksoal.php(80): App\Models\Form::getfile(Array, 'mm')
#2 C:\Users\USER\Desktop\project\fispedia\vendor\codeigniter4\framework\system\CodeIgniter.php(918): App\Controllers\Banksoal->Index()
#3 C:\Users\USER\Desktop\project\fispedia\vendor\codeigniter4\framework\system\CodeIgniter.php(404): CodeIgniter\CodeIgniter->runController(Object(App\Controllers\Banksoal))
#4 C:\Users\USER\Desktop\project\fispedia\vendor\codeigniter4\framework\system\CodeIgniter.php(312): CodeIgniter\CodeIgniter->handleRequest(NULL, Object(Config\Cache), false)
#5 C:\Users\USER\Desktop\project\fispedia\public\index.php(45): CodeIgniter\CodeIgniter->run()
#6 C:\Users\USER\Desktop\project\fispedia\vendor\codeigniter4\framework\system\Commands\Server\rewrite.php(34): require_once('C:\\Users\\USER\\D...')
#7 {main}
